The system is: Linux - 4.10.0-33-generic - x86_64
Compiling the C compiler identification source file "CMakeCCompilerId.c" succeeded.
Compiler: /usr/bin/cc 
Build flags: 
Id flags: 

The output was:
0


Compilation of the C compiler identification source "CMakeCCompilerId.c" produced "a.out"

The C compiler identification is Clang, found in "/home/ddovod/.emacs.d/elpa/irony-20170905.1316/server/CMakeFiles/3.7.2/CompilerIdC/a.out"

Compiling the CXX compiler identification source file "CMakeCXXCompilerId.cpp" succeeded.
Compiler: /usr/bin/c++ 
Build flags: 
Id flags: 

The output was:
0


Compilation of the CXX compiler identification source "CMakeCXXCompilerId.cpp" produced "a.out"

The CXX compiler identification is Clang, found in "/home/ddovod/.emacs.d/elpa/irony-20170905.1316/server/CMakeFiles/3.7.2/CompilerIdCXX/a.out"

Determining if the C compiler works passed with the following output:
Change Dir: /home/ddovod/.emacs.d/elpa/irony-20170905.1316/server/CMakeFiles/CMakeTmp

Run Build Command:"/usr/bin/make" "cmTC_15a1c/fast"
/usr/bin/make -f CMakeFiles/cmTC_15a1c.dir/build.make CMakeFiles/cmTC_15a1c.dir/build
make[1]: Entering directory '/home/ddovod/.emacs.d/elpa/irony-20170905.1316/server/CMakeFiles/CMakeTmp'
Building C object CMakeFiles/cmTC_15a1c.dir/testCCompiler.c.o
/usr/bin/cc     -o CMakeFiles/cmTC_15a1c.dir/testCCompiler.c.o   -c /home/ddovod/.emacs.d/elpa/irony-20170905.1316/server/CMakeFiles/CMakeTmp/testCCompiler.c
Linking C executable cmTC_15a1c
/usr/bin/cmake -E cmake_link_script CMakeFiles/cmTC_15a1c.dir/link.txt --verbose=1
/usr/bin/cc       CMakeFiles/cmTC_15a1c.dir/testCCompiler.c.o  -o cmTC_15a1c -rdynamic 
make[1]: Leaving directory '/home/ddovod/.emacs.d/elpa/irony-20170905.1316/server/CMakeFiles/CMakeTmp'


Detecting C compiler ABI info compiled with the following output:
Change Dir: /home/ddovod/.emacs.d/elpa/irony-20170905.1316/server/CMakeFiles/CMakeTmp

Run Build Command:"/usr/bin/make" "cmTC_91d81/fast"
/usr/bin/make -f CMakeFiles/cmTC_91d81.dir/build.make CMakeFiles/cmTC_91d81.dir/build
make[1]: Entering directory '/home/ddovod/.emacs.d/elpa/irony-20170905.1316/server/CMakeFiles/CMakeTmp'
Building C object CMakeFiles/cmTC_91d81.dir/CMakeCCompilerABI.c.o
/usr/bin/cc     -o CMakeFiles/cmTC_91d81.dir/CMakeCCompilerABI.c.o   -c /usr/share/cmake-3.7/Modules/CMakeCCompilerABI.c
Linking C executable cmTC_91d81
/usr/bin/cmake -E cmake_link_script CMakeFiles/cmTC_91d81.dir/link.txt --verbose=1
/usr/bin/cc      -v CMakeFiles/cmTC_91d81.dir/CMakeCCompilerABI.c.o  -o cmTC_91d81 -rdynamic  
clang version 5.0.0-svn312333-1~exp1 (branches/release_50)
Target: x86_64-pc-linux-gnu
Thread model: posix
InstalledDir: /usr/bin
Found candidate GCC installation: /usr/bin/../lib/gcc/x86_64-linux-gnu/6
Found candidate GCC installation: /usr/bin/../lib/gcc/x86_64-linux-gnu/6.3.0
Found candidate GCC installation: /usr/lib/gcc/x86_64-linux-gnu/6
Found candidate GCC installation: /usr/lib/gcc/x86_64-linux-gnu/6.3.0
Selected GCC installation: /usr/bin/../lib/gcc/x86_64-linux-gnu/6.3.0
Candidate multilib: .;@m64
Selected multilib: .;@m64
 "/usr/bin/ld" -export-dynamic -z relro --hash-style=gnu --eh-frame-hdr -m elf_x86_64 -export-dynamic -dynamic-linker /lib64/ld-linux-x86-64.so.2 -o cmTC_91d81 /usr/bin/../lib/gcc/x86_64-linux-gnu/6.3.0/../../../x86_64-linux-gnu/crt1.o /usr/bin/../lib/gcc/x86_64-linux-gnu/6.3.0/../../../x86_64-linux-gnu/crti.o /usr/bin/../lib/gcc/x86_64-linux-gnu/6.3.0/crtbegin.o -L/usr/bin/../lib/gcc/x86_64-linux-gnu/6.3.0 -L/usr/bin/../lib/gcc/x86_64-linux-gnu/6.3.0/../../../x86_64-linux-gnu -L/lib/x86_64-linux-gnu -L/lib/../lib64 -L/usr/lib/x86_64-linux-gnu -L/usr/bin/../lib/gcc/x86_64-linux-gnu/6.3.0/../../.. -L/usr/lib/llvm-5.0/bin/../lib -L/lib -L/usr/lib CMakeFiles/cmTC_91d81.dir/CMakeCCompilerABI.c.o -lgcc --as-needed -lgcc_s --no-as-needed -lc -lgcc --as-needed -lgcc_s --no-as-needed /usr/bin/../lib/gcc/x86_64-linux-gnu/6.3.0/crtend.o /usr/bin/../lib/gcc/x86_64-linux-gnu/6.3.0/../../../x86_64-linux-gnu/crtn.o
make[1]: Leaving directory '/home/ddovod/.emacs.d/elpa/irony-20170905.1316/server/CMakeFiles/CMakeTmp'


Parsed C implicit link information from above output:
  link line regex: [^( *|.*[/\])(ld|([^/\]+-)?ld|collect2)[^/\]*( |$)]
  ignore line: [Change Dir: /home/ddovod/.emacs.d/elpa/irony-20170905.1316/server/CMakeFiles/CMakeTmp]
  ignore line: []
  ignore line: [Run Build Command:"/usr/bin/make" "cmTC_91d81/fast"]
  ignore line: [/usr/bin/make -f CMakeFiles/cmTC_91d81.dir/build.make CMakeFiles/cmTC_91d81.dir/build]
  ignore line: [make[1]: Entering directory '/home/ddovod/.emacs.d/elpa/irony-20170905.1316/server/CMakeFiles/CMakeTmp']
  ignore line: [Building C object CMakeFiles/cmTC_91d81.dir/CMakeCCompilerABI.c.o]
  ignore line: [/usr/bin/cc     -o CMakeFiles/cmTC_91d81.dir/CMakeCCompilerABI.c.o   -c /usr/share/cmake-3.7/Modules/CMakeCCompilerABI.c]
  ignore line: [Linking C executable cmTC_91d81]
  ignore line: [/usr/bin/cmake -E cmake_link_script CMakeFiles/cmTC_91d81.dir/link.txt --verbose=1]
  ignore line: [/usr/bin/cc      -v CMakeFiles/cmTC_91d81.dir/CMakeCCompilerABI.c.o  -o cmTC_91d81 -rdynamic  ]
  ignore line: [clang version 5.0.0-svn312333-1~exp1 (branches/release_50)]
  ignore line: [Target: x86_64-pc-linux-gnu]
  ignore line: [Thread model: posix]
  ignore line: [InstalledDir: /usr/bin]
  ignore line: [Found candidate GCC installation: /usr/bin/../lib/gcc/x86_64-linux-gnu/6]
  ignore line: [Found candidate GCC installation: /usr/bin/../lib/gcc/x86_64-linux-gnu/6.3.0]
  ignore line: [Found candidate GCC installation: /usr/lib/gcc/x86_64-linux-gnu/6]
  ignore line: [Found candidate GCC installation: /usr/lib/gcc/x86_64-linux-gnu/6.3.0]
  ignore line: [Selected GCC installation: /usr/bin/../lib/gcc/x86_64-linux-gnu/6.3.0]
  ignore line: [Candidate multilib: .]
  ignore line: [@m64]
  ignore line: [Selected multilib: .]
  ignore line: [@m64]
  link line: [ "/usr/bin/ld" -export-dynamic -z relro --hash-style=gnu --eh-frame-hdr -m elf_x86_64 -export-dynamic -dynamic-linker /lib64/ld-linux-x86-64.so.2 -o cmTC_91d81 /usr/bin/../lib/gcc/x86_64-linux-gnu/6.3.0/../../../x86_64-linux-gnu/crt1.o /usr/bin/../lib/gcc/x86_64-linux-gnu/6.3.0/../../../x86_64-linux-gnu/crti.o /usr/bin/../lib/gcc/x86_64-linux-gnu/6.3.0/crtbegin.o -L/usr/bin/../lib/gcc/x86_64-linux-gnu/6.3.0 -L/usr/bin/../lib/gcc/x86_64-linux-gnu/6.3.0/../../../x86_64-linux-gnu -L/lib/x86_64-linux-gnu -L/lib/../lib64 -L/usr/lib/x86_64-linux-gnu -L/usr/bin/../lib/gcc/x86_64-linux-gnu/6.3.0/../../.. -L/usr/lib/llvm-5.0/bin/../lib -L/lib -L/usr/lib CMakeFiles/cmTC_91d81.dir/CMakeCCompilerABI.c.o -lgcc --as-needed -lgcc_s --no-as-needed -lc -lgcc --as-needed -lgcc_s --no-as-needed /usr/bin/../lib/gcc/x86_64-linux-gnu/6.3.0/crtend.o /usr/bin/../lib/gcc/x86_64-linux-gnu/6.3.0/../../../x86_64-linux-gnu/crtn.o]
    arg [/usr/bin/ld] ==> ignore
    arg [-export-dynamic] ==> ignore
    arg [-zrelro] ==> ignore
    arg [--hash-style=gnu] ==> ignore
    arg [--eh-frame-hdr] ==> ignore
    arg [-m] ==> ignore
    arg [elf_x86_64] ==> ignore
    arg [-export-dynamic] ==> ignore
    arg [-dynamic-linker] ==> ignore
    arg [/lib64/ld-linux-x86-64.so.2] ==> ignore
    arg [-o] ==> ignore
    arg [cmTC_91d81] ==> ignore
    arg [/usr/bin/../lib/gcc/x86_64-linux-gnu/6.3.0/../../../x86_64-linux-gnu/crt1.o] ==> ignore
    arg [/usr/bin/../lib/gcc/x86_64-linux-gnu/6.3.0/../../../x86_64-linux-gnu/crti.o] ==> ignore
    arg [/usr/bin/../lib/gcc/x86_64-linux-gnu/6.3.0/crtbegin.o] ==> ignore
    arg [-L/usr/bin/../lib/gcc/x86_64-linux-gnu/6.3.0] ==> dir [/usr/bin/../lib/gcc/x86_64-linux-gnu/6.3.0]
    arg [-L/usr/bin/../lib/gcc/x86_64-linux-gnu/6.3.0/../../../x86_64-linux-gnu] ==> dir [/usr/bin/../lib/gcc/x86_64-linux-gnu/6.3.0/../../../x86_64-linux-gnu]
    arg [-L/lib/x86_64-linux-gnu] ==> dir [/lib/x86_64-linux-gnu]
    arg [-L/lib/../lib64] ==> dir [/lib/../lib64]
    arg [-L/usr/lib/x86_64-linux-gnu] ==> dir [/usr/lib/x86_64-linux-gnu]
    arg [-L/usr/bin/../lib/gcc/x86_64-linux-gnu/6.3.0/../../..] ==> dir [/usr/bin/../lib/gcc/x86_64-linux-gnu/6.3.0/../../..]
    arg [-L/usr/lib/llvm-5.0/bin/../lib] ==> dir [/usr/lib/llvm-5.0/bin/../lib]
    arg [-L/lib] ==> dir [/lib]
    arg [-L/usr/lib] ==> dir [/usr/lib]
    arg [CMakeFiles/cmTC_91d81.dir/CMakeCCompilerABI.c.o] ==> ignore
    arg [-lgcc] ==> lib [gcc]
    arg [--as-needed] ==> ignore
    arg [-lgcc_s] ==> lib [gcc_s]
    arg [--no-as-needed] ==> ignore
    arg [-lc] ==> lib [c]
    arg [-lgcc] ==> lib [gcc]
    arg [--as-needed] ==> ignore
    arg [-lgcc_s] ==> lib [gcc_s]
    arg [--no-as-needed] ==> ignore
    arg [/usr/bin/../lib/gcc/x86_64-linux-gnu/6.3.0/crtend.o] ==> ignore
    arg [/usr/bin/../lib/gcc/x86_64-linux-gnu/6.3.0/../../../x86_64-linux-gnu/crtn.o] ==> ignore
  remove lib [gcc]
  remove lib [gcc_s]
  remove lib [gcc]
  remove lib [gcc_s]
  collapse library dir [/usr/bin/../lib/gcc/x86_64-linux-gnu/6.3.0] ==> [/usr/lib/gcc/x86_64-linux-gnu/6.3.0]
  collapse library dir [/usr/bin/../lib/gcc/x86_64-linux-gnu/6.3.0/../../../x86_64-linux-gnu] ==> [/usr/lib/x86_64-linux-gnu]
  collapse library dir [/lib/x86_64-linux-gnu] ==> [/lib/x86_64-linux-gnu]
  collapse library dir [/lib/../lib64] ==> [/lib64]
  collapse library dir [/usr/lib/x86_64-linux-gnu] ==> [/usr/lib/x86_64-linux-gnu]
  collapse library dir [/usr/bin/../lib/gcc/x86_64-linux-gnu/6.3.0/../../..] ==> [/usr/lib]
  collapse library dir [/usr/lib/llvm-5.0/bin/../lib] ==> [/usr/lib/llvm-5.0/lib]
  collapse library dir [/lib] ==> [/lib]
  collapse library dir [/usr/lib] ==> [/usr/lib]
  implicit libs: [c]
  implicit dirs: [/usr/lib/gcc/x86_64-linux-gnu/6.3.0;/usr/lib/x86_64-linux-gnu;/lib/x86_64-linux-gnu;/lib64;/usr/lib;/usr/lib/llvm-5.0/lib;/lib]
  implicit fwks: []




Detecting C [-std=c11] compiler features compiled with the following output:
Change Dir: /home/ddovod/.emacs.d/elpa/irony-20170905.1316/server/CMakeFiles/CMakeTmp

Run Build Command:"/usr/bin/make" "cmTC_a3786/fast"
/usr/bin/make -f CMakeFiles/cmTC_a3786.dir/build.make CMakeFiles/cmTC_a3786.dir/build
make[1]: Entering directory '/home/ddovod/.emacs.d/elpa/irony-20170905.1316/server/CMakeFiles/CMakeTmp'
Building C object CMakeFiles/cmTC_a3786.dir/feature_tests.c.o
/usr/bin/cc    -std=c11 -o CMakeFiles/cmTC_a3786.dir/feature_tests.c.o   -c /home/ddovod/.emacs.d/elpa/irony-20170905.1316/server/CMakeFiles/feature_tests.c
Linking C executable cmTC_a3786
/usr/bin/cmake -E cmake_link_script CMakeFiles/cmTC_a3786.dir/link.txt --verbose=1
/usr/bin/cc       CMakeFiles/cmTC_a3786.dir/feature_tests.c.o  -o cmTC_a3786 -rdynamic 
make[1]: Leaving directory '/home/ddovod/.emacs.d/elpa/irony-20170905.1316/server/CMakeFiles/CMakeTmp'


    Feature record: C_FEATURE:1c_function_prototypes
    Feature record: C_FEATURE:1c_restrict
    Feature record: C_FEATURE:1c_static_assert
    Feature record: C_FEATURE:1c_variadic_macros


Detecting C [-std=c99] compiler features compiled with the following output:
Change Dir: /home/ddovod/.emacs.d/elpa/irony-20170905.1316/server/CMakeFiles/CMakeTmp

Run Build Command:"/usr/bin/make" "cmTC_dbd1a/fast"
/usr/bin/make -f CMakeFiles/cmTC_dbd1a.dir/build.make CMakeFiles/cmTC_dbd1a.dir/build
make[1]: Entering directory '/home/ddovod/.emacs.d/elpa/irony-20170905.1316/server/CMakeFiles/CMakeTmp'
Building C object CMakeFiles/cmTC_dbd1a.dir/feature_tests.c.o
/usr/bin/cc    -std=c99 -o CMakeFiles/cmTC_dbd1a.dir/feature_tests.c.o   -c /home/ddovod/.emacs.d/elpa/irony-20170905.1316/server/CMakeFiles/feature_tests.c
Linking C executable cmTC_dbd1a
/usr/bin/cmake -E cmake_link_script CMakeFiles/cmTC_dbd1a.dir/link.txt --verbose=1
/usr/bin/cc       CMakeFiles/cmTC_dbd1a.dir/feature_tests.c.o  -o cmTC_dbd1a -rdynamic 
make[1]: Leaving directory '/home/ddovod/.emacs.d/elpa/irony-20170905.1316/server/CMakeFiles/CMakeTmp'


    Feature record: C_FEATURE:1c_function_prototypes
    Feature record: C_FEATURE:1c_restrict
    Feature record: C_FEATURE:0c_static_assert
    Feature record: C_FEATURE:1c_variadic_macros


Detecting C [-std=c90] compiler features compiled with the following output:
Change Dir: /home/ddovod/.emacs.d/elpa/irony-20170905.1316/server/CMakeFiles/CMakeTmp

Run Build Command:"/usr/bin/make" "cmTC_61419/fast"
/usr/bin/make -f CMakeFiles/cmTC_61419.dir/build.make CMakeFiles/cmTC_61419.dir/build
make[1]: Entering directory '/home/ddovod/.emacs.d/elpa/irony-20170905.1316/server/CMakeFiles/CMakeTmp'
Building C object CMakeFiles/cmTC_61419.dir/feature_tests.c.o
/usr/bin/cc    -std=c90 -o CMakeFiles/cmTC_61419.dir/feature_tests.c.o   -c /home/ddovod/.emacs.d/elpa/irony-20170905.1316/server/CMakeFiles/feature_tests.c
Linking C executable cmTC_61419
/usr/bin/cmake -E cmake_link_script CMakeFiles/cmTC_61419.dir/link.txt --verbose=1
/usr/bin/cc       CMakeFiles/cmTC_61419.dir/feature_tests.c.o  -o cmTC_61419 -rdynamic 
make[1]: Leaving directory '/home/ddovod/.emacs.d/elpa/irony-20170905.1316/server/CMakeFiles/CMakeTmp'


    Feature record: C_FEATURE:1c_function_prototypes
    Feature record: C_FEATURE:0c_restrict
    Feature record: C_FEATURE:0c_static_assert
    Feature record: C_FEATURE:0c_variadic_macros
Determining if the CXX compiler works passed with the following output:
Change Dir: /home/ddovod/.emacs.d/elpa/irony-20170905.1316/server/CMakeFiles/CMakeTmp

Run Build Command:"/usr/bin/make" "cmTC_22aaa/fast"
/usr/bin/make -f CMakeFiles/cmTC_22aaa.dir/build.make CMakeFiles/cmTC_22aaa.dir/build
make[1]: Entering directory '/home/ddovod/.emacs.d/elpa/irony-20170905.1316/server/CMakeFiles/CMakeTmp'
Building CXX object CMakeFiles/cmTC_22aaa.dir/testCXXCompiler.cxx.o
/usr/bin/c++      -o CMakeFiles/cmTC_22aaa.dir/testCXXCompiler.cxx.o -c /home/ddovod/.emacs.d/elpa/irony-20170905.1316/server/CMakeFiles/CMakeTmp/testCXXCompiler.cxx
Linking CXX executable cmTC_22aaa
/usr/bin/cmake -E cmake_link_script CMakeFiles/cmTC_22aaa.dir/link.txt --verbose=1
/usr/bin/c++        CMakeFiles/cmTC_22aaa.dir/testCXXCompiler.cxx.o  -o cmTC_22aaa -rdynamic 
make[1]: Leaving directory '/home/ddovod/.emacs.d/elpa/irony-20170905.1316/server/CMakeFiles/CMakeTmp'


Detecting CXX compiler ABI info compiled with the following output:
Change Dir: /home/ddovod/.emacs.d/elpa/irony-20170905.1316/server/CMakeFiles/CMakeTmp

Run Build Command:"/usr/bin/make" "cmTC_55b35/fast"
/usr/bin/make -f CMakeFiles/cmTC_55b35.dir/build.make CMakeFiles/cmTC_55b35.dir/build
make[1]: Entering directory '/home/ddovod/.emacs.d/elpa/irony-20170905.1316/server/CMakeFiles/CMakeTmp'
Building CXX object CMakeFiles/cmTC_55b35.dir/CMakeCXXCompilerABI.cpp.o
/usr/bin/c++      -o CMakeFiles/cmTC_55b35.dir/CMakeCXXCompilerABI.cpp.o -c /usr/share/cmake-3.7/Modules/CMakeCXXCompilerABI.cpp
Linking CXX executable cmTC_55b35
/usr/bin/cmake -E cmake_link_script CMakeFiles/cmTC_55b35.dir/link.txt --verbose=1
/usr/bin/c++       -v CMakeFiles/cmTC_55b35.dir/CMakeCXXCompilerABI.cpp.o  -o cmTC_55b35 -rdynamic  
clang version 5.0.0-svn312333-1~exp1 (branches/release_50)
Target: x86_64-pc-linux-gnu
Thread model: posix
InstalledDir: /usr/bin
Found candidate GCC installation: /usr/bin/../lib/gcc/x86_64-linux-gnu/6
Found candidate GCC installation: /usr/bin/../lib/gcc/x86_64-linux-gnu/6.3.0
Found candidate GCC installation: /usr/lib/gcc/x86_64-linux-gnu/6
Found candidate GCC installation: /usr/lib/gcc/x86_64-linux-gnu/6.3.0
Selected GCC installation: /usr/bin/../lib/gcc/x86_64-linux-gnu/6.3.0
Candidate multilib: .;@m64
Selected multilib: .;@m64
 "/usr/bin/ld" -export-dynamic -z relro --hash-style=gnu --eh-frame-hdr -m elf_x86_64 -export-dynamic -dynamic-linker /lib64/ld-linux-x86-64.so.2 -o cmTC_55b35 /usr/bin/../lib/gcc/x86_64-linux-gnu/6.3.0/../../../x86_64-linux-gnu/crt1.o /usr/bin/../lib/gcc/x86_64-linux-gnu/6.3.0/../../../x86_64-linux-gnu/crti.o /usr/bin/../lib/gcc/x86_64-linux-gnu/6.3.0/crtbegin.o -L/usr/bin/../lib/gcc/x86_64-linux-gnu/6.3.0 -L/usr/bin/../lib/gcc/x86_64-linux-gnu/6.3.0/../../../x86_64-linux-gnu -L/lib/x86_64-linux-gnu -L/lib/../lib64 -L/usr/lib/x86_64-linux-gnu -L/usr/bin/../lib/gcc/x86_64-linux-gnu/6.3.0/../../.. -L/usr/lib/llvm-5.0/bin/../lib -L/lib -L/usr/lib CMakeFiles/cmTC_55b35.dir/CMakeCXXCompilerABI.cpp.o -lstdc++ -lm -lgcc_s -lgcc -lc -lgcc_s -lgcc /usr/bin/../lib/gcc/x86_64-linux-gnu/6.3.0/crtend.o /usr/bin/../lib/gcc/x86_64-linux-gnu/6.3.0/../../../x86_64-linux-gnu/crtn.o
make[1]: Leaving directory '/home/ddovod/.emacs.d/elpa/irony-20170905.1316/server/CMakeFiles/CMakeTmp'


Parsed CXX implicit link information from above output:
  link line regex: [^( *|.*[/\])(ld|([^/\]+-)?ld|collect2)[^/\]*( |$)]
  ignore line: [Change Dir: /home/ddovod/.emacs.d/elpa/irony-20170905.1316/server/CMakeFiles/CMakeTmp]
  ignore line: []
  ignore line: [Run Build Command:"/usr/bin/make" "cmTC_55b35/fast"]
  ignore line: [/usr/bin/make -f CMakeFiles/cmTC_55b35.dir/build.make CMakeFiles/cmTC_55b35.dir/build]
  ignore line: [make[1]: Entering directory '/home/ddovod/.emacs.d/elpa/irony-20170905.1316/server/CMakeFiles/CMakeTmp']
  ignore line: [Building CXX object CMakeFiles/cmTC_55b35.dir/CMakeCXXCompilerABI.cpp.o]
  ignore line: [/usr/bin/c++      -o CMakeFiles/cmTC_55b35.dir/CMakeCXXCompilerABI.cpp.o -c /usr/share/cmake-3.7/Modules/CMakeCXXCompilerABI.cpp]
  ignore line: [Linking CXX executable cmTC_55b35]
  ignore line: [/usr/bin/cmake -E cmake_link_script CMakeFiles/cmTC_55b35.dir/link.txt --verbose=1]
  ignore line: [/usr/bin/c++       -v CMakeFiles/cmTC_55b35.dir/CMakeCXXCompilerABI.cpp.o  -o cmTC_55b35 -rdynamic  ]
  ignore line: [clang version 5.0.0-svn312333-1~exp1 (branches/release_50)]
  ignore line: [Target: x86_64-pc-linux-gnu]
  ignore line: [Thread model: posix]
  ignore line: [InstalledDir: /usr/bin]
  ignore line: [Found candidate GCC installation: /usr/bin/../lib/gcc/x86_64-linux-gnu/6]
  ignore line: [Found candidate GCC installation: /usr/bin/../lib/gcc/x86_64-linux-gnu/6.3.0]
  ignore line: [Found candidate GCC installation: /usr/lib/gcc/x86_64-linux-gnu/6]
  ignore line: [Found candidate GCC installation: /usr/lib/gcc/x86_64-linux-gnu/6.3.0]
  ignore line: [Selected GCC installation: /usr/bin/../lib/gcc/x86_64-linux-gnu/6.3.0]
  ignore line: [Candidate multilib: .]
  ignore line: [@m64]
  ignore line: [Selected multilib: .]
  ignore line: [@m64]
  link line: [ "/usr/bin/ld" -export-dynamic -z relro --hash-style=gnu --eh-frame-hdr -m elf_x86_64 -export-dynamic -dynamic-linker /lib64/ld-linux-x86-64.so.2 -o cmTC_55b35 /usr/bin/../lib/gcc/x86_64-linux-gnu/6.3.0/../../../x86_64-linux-gnu/crt1.o /usr/bin/../lib/gcc/x86_64-linux-gnu/6.3.0/../../../x86_64-linux-gnu/crti.o /usr/bin/../lib/gcc/x86_64-linux-gnu/6.3.0/crtbegin.o -L/usr/bin/../lib/gcc/x86_64-linux-gnu/6.3.0 -L/usr/bin/../lib/gcc/x86_64-linux-gnu/6.3.0/../../../x86_64-linux-gnu -L/lib/x86_64-linux-gnu -L/lib/../lib64 -L/usr/lib/x86_64-linux-gnu -L/usr/bin/../lib/gcc/x86_64-linux-gnu/6.3.0/../../.. -L/usr/lib/llvm-5.0/bin/../lib -L/lib -L/usr/lib CMakeFiles/cmTC_55b35.dir/CMakeCXXCompilerABI.cpp.o -lstdc++ -lm -lgcc_s -lgcc -lc -lgcc_s -lgcc /usr/bin/../lib/gcc/x86_64-linux-gnu/6.3.0/crtend.o /usr/bin/../lib/gcc/x86_64-linux-gnu/6.3.0/../../../x86_64-linux-gnu/crtn.o]
    arg [/usr/bin/ld] ==> ignore
    arg [-export-dynamic] ==> ignore
    arg [-zrelro] ==> ignore
    arg [--hash-style=gnu] ==> ignore
    arg [--eh-frame-hdr] ==> ignore
    arg [-m] ==> ignore
    arg [elf_x86_64] ==> ignore
    arg [-export-dynamic] ==> ignore
    arg [-dynamic-linker] ==> ignore
    arg [/lib64/ld-linux-x86-64.so.2] ==> ignore
    arg [-o] ==> ignore
    arg [cmTC_55b35] ==> ignore
    arg [/usr/bin/../lib/gcc/x86_64-linux-gnu/6.3.0/../../../x86_64-linux-gnu/crt1.o] ==> ignore
    arg [/usr/bin/../lib/gcc/x86_64-linux-gnu/6.3.0/../../../x86_64-linux-gnu/crti.o] ==> ignore
    arg [/usr/bin/../lib/gcc/x86_64-linux-gnu/6.3.0/crtbegin.o] ==> ignore
    arg [-L/usr/bin/../lib/gcc/x86_64-linux-gnu/6.3.0] ==> dir [/usr/bin/../lib/gcc/x86_64-linux-gnu/6.3.0]
    arg [-L/usr/bin/../lib/gcc/x86_64-linux-gnu/6.3.0/../../../x86_64-linux-gnu] ==> dir [/usr/bin/../lib/gcc/x86_64-linux-gnu/6.3.0/../../../x86_64-linux-gnu]
    arg [-L/lib/x86_64-linux-gnu] ==> dir [/lib/x86_64-linux-gnu]
    arg [-L/lib/../lib64] ==> dir [/lib/../lib64]
    arg [-L/usr/lib/x86_64-linux-gnu] ==> dir [/usr/lib/x86_64-linux-gnu]
    arg [-L/usr/bin/../lib/gcc/x86_64-linux-gnu/6.3.0/../../..] ==> dir [/usr/bin/../lib/gcc/x86_64-linux-gnu/6.3.0/../../..]
    arg [-L/usr/lib/llvm-5.0/bin/../lib] ==> dir [/usr/lib/llvm-5.0/bin/../lib]
    arg [-L/lib] ==> dir [/lib]
    arg [-L/usr/lib] ==> dir [/usr/lib]
    arg [CMakeFiles/cmTC_55b35.dir/CMakeCXXCompilerABI.cpp.o] ==> ignore
    arg [-lstdc++] ==> lib [stdc++]
    arg [-lm] ==> lib [m]
    arg [-lgcc_s] ==> lib [gcc_s]
    arg [-lgcc] ==> lib [gcc]
    arg [-lc] ==> lib [c]
    arg [-lgcc_s] ==> lib [gcc_s]
    arg [-lgcc] ==> lib [gcc]
    arg [/usr/bin/../lib/gcc/x86_64-linux-gnu/6.3.0/crtend.o] ==> ignore
    arg [/usr/bin/../lib/gcc/x86_64-linux-gnu/6.3.0/../../../x86_64-linux-gnu/crtn.o] ==> ignore
  remove lib [gcc_s]
  remove lib [gcc]
  remove lib [gcc_s]
  remove lib [gcc]
  collapse library dir [/usr/bin/../lib/gcc/x86_64-linux-gnu/6.3.0] ==> [/usr/lib/gcc/x86_64-linux-gnu/6.3.0]
  collapse library dir [/usr/bin/../lib/gcc/x86_64-linux-gnu/6.3.0/../../../x86_64-linux-gnu] ==> [/usr/lib/x86_64-linux-gnu]
  collapse library dir [/lib/x86_64-linux-gnu] ==> [/lib/x86_64-linux-gnu]
  collapse library dir [/lib/../lib64] ==> [/lib64]
  collapse library dir [/usr/lib/x86_64-linux-gnu] ==> [/usr/lib/x86_64-linux-gnu]
  collapse library dir [/usr/bin/../lib/gcc/x86_64-linux-gnu/6.3.0/../../..] ==> [/usr/lib]
  collapse library dir [/usr/lib/llvm-5.0/bin/../lib] ==> [/usr/lib/llvm-5.0/lib]
  collapse library dir [/lib] ==> [/lib]
  collapse library dir [/usr/lib] ==> [/usr/lib]
  implicit libs: [stdc++;m;c]
  implicit dirs: [/usr/lib/gcc/x86_64-linux-gnu/6.3.0;/usr/lib/x86_64-linux-gnu;/lib/x86_64-linux-gnu;/lib64;/usr/lib;/usr/lib/llvm-5.0/lib;/lib]
  implicit fwks: []




Detecting CXX [-std=c++14] compiler features compiled with the following output:
Change Dir: /home/ddovod/.emacs.d/elpa/irony-20170905.1316/server/CMakeFiles/CMakeTmp

Run Build Command:"/usr/bin/make" "cmTC_ff608/fast"
/usr/bin/make -f CMakeFiles/cmTC_ff608.dir/build.make CMakeFiles/cmTC_ff608.dir/build
make[1]: Entering directory '/home/ddovod/.emacs.d/elpa/irony-20170905.1316/server/CMakeFiles/CMakeTmp'
Building CXX object CMakeFiles/cmTC_ff608.dir/feature_tests.cxx.o
/usr/bin/c++     -std=c++14 -o CMakeFiles/cmTC_ff608.dir/feature_tests.cxx.o -c /home/ddovod/.emacs.d/elpa/irony-20170905.1316/server/CMakeFiles/feature_tests.cxx
Linking CXX executable cmTC_ff608
/usr/bin/cmake -E cmake_link_script CMakeFiles/cmTC_ff608.dir/link.txt --verbose=1
/usr/bin/c++        CMakeFiles/cmTC_ff608.dir/feature_tests.cxx.o  -o cmTC_ff608 -rdynamic 
make[1]: Leaving directory '/home/ddovod/.emacs.d/elpa/irony-20170905.1316/server/CMakeFiles/CMakeTmp'


    Feature record: CXX_FEATURE:1cxx_aggregate_default_initializers
    Feature record: CXX_FEATURE:1cxx_alias_templates
    Feature record: CXX_FEATURE:1cxx_alignas
    Feature record: CXX_FEATURE:1cxx_alignof
    Feature record: CXX_FEATURE:1cxx_attributes
    Feature record: CXX_FEATURE:1cxx_attribute_deprecated
    Feature record: CXX_FEATURE:1cxx_auto_type
    Feature record: CXX_FEATURE:1cxx_binary_literals
    Feature record: CXX_FEATURE:1cxx_constexpr
    Feature record: CXX_FEATURE:1cxx_contextual_conversions
    Feature record: CXX_FEATURE:1cxx_decltype
    Feature record: CXX_FEATURE:1cxx_decltype_auto
    Feature record: CXX_FEATURE:1cxx_decltype_incomplete_return_types
    Feature record: CXX_FEATURE:1cxx_default_function_template_args
    Feature record: CXX_FEATURE:1cxx_defaulted_functions
    Feature record: CXX_FEATURE:1cxx_defaulted_move_initializers
    Feature record: CXX_FEATURE:1cxx_delegating_constructors
    Feature record: CXX_FEATURE:1cxx_deleted_functions
    Feature record: CXX_FEATURE:1cxx_digit_separators
    Feature record: CXX_FEATURE:1cxx_enum_forward_declarations
    Feature record: CXX_FEATURE:1cxx_explicit_conversions
    Feature record: CXX_FEATURE:1cxx_extended_friend_declarations
    Feature record: CXX_FEATURE:1cxx_extern_templates
    Feature record: CXX_FEATURE:1cxx_final
    Feature record: CXX_FEATURE:1cxx_func_identifier
    Feature record: CXX_FEATURE:1cxx_generalized_initializers
    Feature record: CXX_FEATURE:1cxx_generic_lambdas
    Feature record: CXX_FEATURE:1cxx_inheriting_constructors
    Feature record: CXX_FEATURE:1cxx_inline_namespaces
    Feature record: CXX_FEATURE:1cxx_lambdas
    Feature record: CXX_FEATURE:1cxx_lambda_init_captures
    Feature record: CXX_FEATURE:1cxx_local_type_template_args
    Feature record: CXX_FEATURE:1cxx_long_long_type
    Feature record: CXX_FEATURE:1cxx_noexcept
    Feature record: CXX_FEATURE:1cxx_nonstatic_member_init
    Feature record: CXX_FEATURE:1cxx_nullptr
    Feature record: CXX_FEATURE:1cxx_override
    Feature record: CXX_FEATURE:1cxx_range_for
    Feature record: CXX_FEATURE:1cxx_raw_string_literals
    Feature record: CXX_FEATURE:1cxx_reference_qualified_functions
    Feature record: CXX_FEATURE:1cxx_relaxed_constexpr
    Feature record: CXX_FEATURE:1cxx_return_type_deduction
    Feature record: CXX_FEATURE:1cxx_right_angle_brackets
    Feature record: CXX_FEATURE:1cxx_rvalue_references
    Feature record: CXX_FEATURE:1cxx_sizeof_member
    Feature record: CXX_FEATURE:1cxx_static_assert
    Feature record: CXX_FEATURE:1cxx_strong_enums
    Feature record: CXX_FEATURE:1cxx_template_template_parameters
    Feature record: CXX_FEATURE:1cxx_thread_local
    Feature record: CXX_FEATURE:1cxx_trailing_return_types
    Feature record: CXX_FEATURE:1cxx_unicode_literals
    Feature record: CXX_FEATURE:1cxx_uniform_initialization
    Feature record: CXX_FEATURE:1cxx_unrestricted_unions
    Feature record: CXX_FEATURE:1cxx_user_literals
    Feature record: CXX_FEATURE:1cxx_variable_templates
    Feature record: CXX_FEATURE:1cxx_variadic_macros
    Feature record: CXX_FEATURE:1cxx_variadic_templates


Detecting CXX [-std=c++11] compiler features compiled with the following output:
Change Dir: /home/ddovod/.emacs.d/elpa/irony-20170905.1316/server/CMakeFiles/CMakeTmp

Run Build Command:"/usr/bin/make" "cmTC_26657/fast"
/usr/bin/make -f CMakeFiles/cmTC_26657.dir/build.make CMakeFiles/cmTC_26657.dir/build
make[1]: Entering directory '/home/ddovod/.emacs.d/elpa/irony-20170905.1316/server/CMakeFiles/CMakeTmp'
Building CXX object CMakeFiles/cmTC_26657.dir/feature_tests.cxx.o
/usr/bin/c++     -std=c++11 -o CMakeFiles/cmTC_26657.dir/feature_tests.cxx.o -c /home/ddovod/.emacs.d/elpa/irony-20170905.1316/server/CMakeFiles/feature_tests.cxx
Linking CXX executable cmTC_26657
/usr/bin/cmake -E cmake_link_script CMakeFiles/cmTC_26657.dir/link.txt --verbose=1
/usr/bin/c++        CMakeFiles/cmTC_26657.dir/feature_tests.cxx.o  -o cmTC_26657 -rdynamic 
make[1]: Leaving directory '/home/ddovod/.emacs.d/elpa/irony-20170905.1316/server/CMakeFiles/CMakeTmp'


    Feature record: CXX_FEATURE:0cxx_aggregate_default_initializers
    Feature record: CXX_FEATURE:1cxx_alias_templates
    Feature record: CXX_FEATURE:1cxx_alignas
    Feature record: CXX_FEATURE:1cxx_alignof
    Feature record: CXX_FEATURE:1cxx_attributes
    Feature record: CXX_FEATURE:0cxx_attribute_deprecated
    Feature record: CXX_FEATURE:1cxx_auto_type
    Feature record: CXX_FEATURE:0cxx_binary_literals
    Feature record: CXX_FEATURE:1cxx_constexpr
    Feature record: CXX_FEATURE:0cxx_contextual_conversions
    Feature record: CXX_FEATURE:1cxx_decltype
    Feature record: CXX_FEATURE:0cxx_decltype_auto
    Feature record: CXX_FEATURE:1cxx_decltype_incomplete_return_types
    Feature record: CXX_FEATURE:1cxx_default_function_template_args
    Feature record: CXX_FEATURE:1cxx_defaulted_functions
    Feature record: CXX_FEATURE:1cxx_defaulted_move_initializers
    Feature record: CXX_FEATURE:1cxx_delegating_constructors
    Feature record: CXX_FEATURE:1cxx_deleted_functions
    Feature record: CXX_FEATURE:0cxx_digit_separators
    Feature record: CXX_FEATURE:1cxx_enum_forward_declarations
    Feature record: CXX_FEATURE:1cxx_explicit_conversions
    Feature record: CXX_FEATURE:1cxx_extended_friend_declarations
    Feature record: CXX_FEATURE:1cxx_extern_templates
    Feature record: CXX_FEATURE:1cxx_final
    Feature record: CXX_FEATURE:1cxx_func_identifier
    Feature record: CXX_FEATURE:1cxx_generalized_initializers
    Feature record: CXX_FEATURE:0cxx_generic_lambdas
    Feature record: CXX_FEATURE:1cxx_inheriting_constructors
    Feature record: CXX_FEATURE:1cxx_inline_namespaces
    Feature record: CXX_FEATURE:1cxx_lambdas
    Feature record: CXX_FEATURE:0cxx_lambda_init_captures
    Feature record: CXX_FEATURE:1cxx_local_type_template_args
    Feature record: CXX_FEATURE:1cxx_long_long_type
    Feature record: CXX_FEATURE:1cxx_noexcept
    Feature record: CXX_FEATURE:1cxx_nonstatic_member_init
    Feature record: CXX_FEATURE:1cxx_nullptr
    Feature record: CXX_FEATURE:1cxx_override
    Feature record: CXX_FEATURE:1cxx_range_for
    Feature record: CXX_FEATURE:1cxx_raw_string_literals
    Feature record: CXX_FEATURE:1cxx_reference_qualified_functions
    Feature record: CXX_FEATURE:0cxx_relaxed_constexpr
    Feature record: CXX_FEATURE:0cxx_return_type_deduction
    Feature record: CXX_FEATURE:1cxx_right_angle_brackets
    Feature record: CXX_FEATURE:1cxx_rvalue_references
    Feature record: CXX_FEATURE:1cxx_sizeof_member
    Feature record: CXX_FEATURE:1cxx_static_assert
    Feature record: CXX_FEATURE:1cxx_strong_enums
    Feature record: CXX_FEATURE:1cxx_template_template_parameters
    Feature record: CXX_FEATURE:1cxx_thread_local
    Feature record: CXX_FEATURE:1cxx_trailing_return_types
    Feature record: CXX_FEATURE:1cxx_unicode_literals
    Feature record: CXX_FEATURE:1cxx_uniform_initialization
    Feature record: CXX_FEATURE:1cxx_unrestricted_unions
    Feature record: CXX_FEATURE:1cxx_user_literals
    Feature record: CXX_FEATURE:0cxx_variable_templates
    Feature record: CXX_FEATURE:1cxx_variadic_macros
    Feature record: CXX_FEATURE:1cxx_variadic_templates


Detecting CXX [-std=c++98] compiler features compiled with the following output:
Change Dir: /home/ddovod/.emacs.d/elpa/irony-20170905.1316/server/CMakeFiles/CMakeTmp

Run Build Command:"/usr/bin/make" "cmTC_a16c0/fast"
/usr/bin/make -f CMakeFiles/cmTC_a16c0.dir/build.make CMakeFiles/cmTC_a16c0.dir/build
make[1]: Entering directory '/home/ddovod/.emacs.d/elpa/irony-20170905.1316/server/CMakeFiles/CMakeTmp'
Building CXX object CMakeFiles/cmTC_a16c0.dir/feature_tests.cxx.o
/usr/bin/c++     -std=c++98 -o CMakeFiles/cmTC_a16c0.dir/feature_tests.cxx.o -c /home/ddovod/.emacs.d/elpa/irony-20170905.1316/server/CMakeFiles/feature_tests.cxx
Linking CXX executable cmTC_a16c0
/usr/bin/cmake -E cmake_link_script CMakeFiles/cmTC_a16c0.dir/link.txt --verbose=1
/usr/bin/c++        CMakeFiles/cmTC_a16c0.dir/feature_tests.cxx.o  -o cmTC_a16c0 -rdynamic 
make[1]: Leaving directory '/home/ddovod/.emacs.d/elpa/irony-20170905.1316/server/CMakeFiles/CMakeTmp'


    Feature record: CXX_FEATURE:0cxx_aggregate_default_initializers
    Feature record: CXX_FEATURE:0cxx_alias_templates
    Feature record: CXX_FEATURE:0cxx_alignas
    Feature record: CXX_FEATURE:0cxx_alignof
    Feature record: CXX_FEATURE:0cxx_attributes
    Feature record: CXX_FEATURE:0cxx_attribute_deprecated
    Feature record: CXX_FEATURE:0cxx_auto_type
    Feature record: CXX_FEATURE:0cxx_binary_literals
    Feature record: CXX_FEATURE:0cxx_constexpr
    Feature record: CXX_FEATURE:0cxx_contextual_conversions
    Feature record: CXX_FEATURE:0cxx_decltype
    Feature record: CXX_FEATURE:0cxx_decltype_auto
    Feature record: CXX_FEATURE:0cxx_decltype_incomplete_return_types
    Feature record: CXX_FEATURE:0cxx_default_function_template_args
    Feature record: CXX_FEATURE:0cxx_defaulted_functions
    Feature record: CXX_FEATURE:0cxx_defaulted_move_initializers
    Feature record: CXX_FEATURE:0cxx_delegating_constructors
    Feature record: CXX_FEATURE:0cxx_deleted_functions
    Feature record: CXX_FEATURE:0cxx_digit_separators
    Feature record: CXX_FEATURE:0cxx_enum_forward_declarations
    Feature record: CXX_FEATURE:0cxx_explicit_conversions
    Feature record: CXX_FEATURE:0cxx_extended_friend_declarations
    Feature record: CXX_FEATURE:0cxx_extern_templates
    Feature record: CXX_FEATURE:0cxx_final
    Feature record: CXX_FEATURE:0cxx_func_identifier
    Feature record: CXX_FEATURE:0cxx_generalized_initializers
    Feature record: CXX_FEATURE:0cxx_generic_lambdas
    Feature record: CXX_FEATURE:0cxx_inheriting_constructors
    Feature record: CXX_FEATURE:0cxx_inline_namespaces
    Feature record: CXX_FEATURE:0cxx_lambdas
    Feature record: CXX_FEATURE:0cxx_lambda_init_captures
    Feature record: CXX_FEATURE:0cxx_local_type_template_args
    Feature record: CXX_FEATURE:0cxx_long_long_type
    Feature record: CXX_FEATURE:0cxx_noexcept
    Feature record: CXX_FEATURE:0cxx_nonstatic_member_init
    Feature record: CXX_FEATURE:0cxx_nullptr
    Feature record: CXX_FEATURE:0cxx_override
    Feature record: CXX_FEATURE:0cxx_range_for
    Feature record: CXX_FEATURE:0cxx_raw_string_literals
    Feature record: CXX_FEATURE:0cxx_reference_qualified_functions
    Feature record: CXX_FEATURE:0cxx_relaxed_constexpr
    Feature record: CXX_FEATURE:0cxx_return_type_deduction
    Feature record: CXX_FEATURE:0cxx_right_angle_brackets
    Feature record: CXX_FEATURE:0cxx_rvalue_references
    Feature record: CXX_FEATURE:0cxx_sizeof_member
    Feature record: CXX_FEATURE:0cxx_static_assert
    Feature record: CXX_FEATURE:0cxx_strong_enums
    Feature record: CXX_FEATURE:1cxx_template_template_parameters
    Feature record: CXX_FEATURE:0cxx_thread_local
    Feature record: CXX_FEATURE:0cxx_trailing_return_types
    Feature record: CXX_FEATURE:0cxx_unicode_literals
    Feature record: CXX_FEATURE:0cxx_uniform_initialization
    Feature record: CXX_FEATURE:0cxx_unrestricted_unions
    Feature record: CXX_FEATURE:0cxx_user_literals
    Feature record: CXX_FEATURE:0cxx_variable_templates
    Feature record: CXX_FEATURE:0cxx_variadic_macros
    Feature record: CXX_FEATURE:0cxx_variadic_templates
Performing C++ SOURCE FILE Test HAS_STDCXX11 succeeded with the following output:
Change Dir: /home/ddovod/.emacs.d/elpa/irony-20170905.1316/server/CMakeFiles/CMakeTmp

Run Build Command:"/usr/bin/make" "cmTC_5dce4/fast"
/usr/bin/make -f CMakeFiles/cmTC_5dce4.dir/build.make CMakeFiles/cmTC_5dce4.dir/build
make[1]: Entering directory '/home/ddovod/.emacs.d/elpa/irony-20170905.1316/server/CMakeFiles/CMakeTmp'
Building CXX object CMakeFiles/cmTC_5dce4.dir/src.cxx.o
/usr/bin/c++     -fno-exceptions -DHAS_STDCXX11   -std=c++11 -o CMakeFiles/cmTC_5dce4.dir/src.cxx.o -c /home/ddovod/.emacs.d/elpa/irony-20170905.1316/server/CMakeFiles/CMakeTmp/src.cxx
Linking CXX executable cmTC_5dce4
/usr/bin/cmake -E cmake_link_script CMakeFiles/cmTC_5dce4.dir/link.txt --verbose=1
/usr/bin/c++    -fno-exceptions -DHAS_STDCXX11    CMakeFiles/cmTC_5dce4.dir/src.cxx.o  -o cmTC_5dce4 -rdynamic 
make[1]: Leaving directory '/home/ddovod/.emacs.d/elpa/irony-20170905.1316/server/CMakeFiles/CMakeTmp'

Source file was:
int main() { return 0; }
Performing C++ SOURCE FILE Test HAS_CXX11_STDLIB succeeded with the following output:
Change Dir: /home/ddovod/.emacs.d/elpa/irony-20170905.1316/server/CMakeFiles/CMakeTmp

Run Build Command:"/usr/bin/make" "cmTC_86bb8/fast"
/usr/bin/make -f CMakeFiles/cmTC_86bb8.dir/build.make CMakeFiles/cmTC_86bb8.dir/build
make[1]: Entering directory '/home/ddovod/.emacs.d/elpa/irony-20170905.1316/server/CMakeFiles/CMakeTmp'
Building CXX object CMakeFiles/cmTC_86bb8.dir/src.cxx.o
/usr/bin/c++     -fno-exceptions -DHAS_CXX11_STDLIB -std=c++11   -o CMakeFiles/cmTC_86bb8.dir/src.cxx.o -c /home/ddovod/.emacs.d/elpa/irony-20170905.1316/server/CMakeFiles/CMakeTmp/src.cxx
Linking CXX executable cmTC_86bb8
/usr/bin/cmake -E cmake_link_script CMakeFiles/cmTC_86bb8.dir/link.txt --verbose=1
/usr/bin/c++    -fno-exceptions -DHAS_CXX11_STDLIB -std=c++11    CMakeFiles/cmTC_86bb8.dir/src.cxx.o  -o cmTC_86bb8 -rdynamic 
make[1]: Leaving directory '/home/ddovod/.emacs.d/elpa/irony-20170905.1316/server/CMakeFiles/CMakeTmp'

Source file was:
#include <random>

int main() {
    std::random_device rd;
    std::default_random_engine e(rd());
    std::uniform_int_distribution<int> dist(0, 15);

    return dist(e);
}

